<?xml version="1.0" encoding="utf-8"?>
<TestRun id="65dba80d-25be-40ca-8424-e55182de3e5c" name="KyleDhesi@DESKTOP-JP6EGQQ 2024-02-21 20:33:43" runUser="AzureAD\KyleDhesi" xmlns="http://microsoft.com/schemas/VisualStudio/TeamTest/2010">
  <Times creation="2024-02-21T20:33:43.2574247+00:00" queuing="2024-02-21T20:33:43.2574249+00:00" start="2024-02-21T20:33:22.1177454+00:00" finish="2024-02-21T20:34:05.8142483+00:00" />
  <TestSettings name="default" id="bba0d3e4-d2b3-4000-8c2b-5bf4b763443b">
    <Deployment runDeploymentRoot="KyleDhesi_DESKTOP-JP6EGQQ_2024-02-21_20_33_43" />
  </TestSettings>
  <Results>
    <UnitTestResult executionId="773f561f-26a2-44ff-b3af-169ec33cc793" testId="6007e1c6-3083-b470-b718-e60468035aa8" testName="TestCase1" computerName="DESKTOP-JP6EGQQ" duration="00:00:19.8371920" startTime="2024-02-21T20:33:23.3658408+00:00" endTime="2024-02-21T20:33:43.2029082+00:00" testType="13cdc9d9-ddb5-4fa4-a97d-d965ccfc6d4b" outcome="Passed" testListId="8c84fa94-04c1-424b-9868-57a2d4851a1d" relativeResultsDirectory="773f561f-26a2-44ff-b3af-169ec33cc793">
      <Output>
        <StdOut>Browser set to: firefox&#xD;
Successfully logged in - Begin Test!&#xD;
Successfully entered shop&#xD;
Successfully added item to cart&#xD;
Successfully entered cart&#xD;
Successfully applied coupon&#xD;
Attacthing coupon applied screenshot to report&#xD;
Successfully reduced 15% from original price&#xD;
Subtotal price displayed 55.00, Reduced amount displayed 8.25&#xD;
Successfully calculated total after coupon &amp; shippping&#xD;
Total price displayed 50.70, Original price displayed 55.00 - reduced amount displayed 8.25 + shipping cost 3.95&#xD;
Successfully removed items&#xD;
Successfully entered My account&#xD;
Successfully logged out - Test complete!</StdOut>
      </Output>
      <ResultFiles>
        <ResultFile path="DESKTOP-JP6EGQQ\Coupon Alert.jpg" />
      </ResultFiles>
    </UnitTestResult>
    <UnitTestResult executionId="13690fc1-e5f0-4ea4-873e-9285991e9d5d" testId="d7c33952-ada7-dc1e-1a23-d5f605c2cfa3" testName="TestCase2" computerName="DESKTOP-JP6EGQQ" duration="00:00:22.4782120" startTime="2024-02-21T20:33:43.2059110+00:00" endTime="2024-02-21T20:34:05.6841228+00:00" testType="13cdc9d9-ddb5-4fa4-a97d-d965ccfc6d4b" outcome="Passed" testListId="8c84fa94-04c1-424b-9868-57a2d4851a1d" relativeResultsDirectory="13690fc1-e5f0-4ea4-873e-9285991e9d5d">
      <Output>
        <StdOut>Browser set to: firefox&#xD;
Successfully logged in - Begin Test!&#xD;
Successfully entered shop&#xD;
Successfully added item to cart&#xD;
Successfully entered cart&#xD;
Successfully entered checkout&#xD;
Successfully entered billing details&#xD;
Successfully placed order&#xD;
Attacthing Order Confirmation screenshot to report&#xD;
Successfully entered My account&#xD;
Attacthing All Orders screenshot to report&#xD;
Successfully displayed latest order&#xD;
Order number displayed 10415, Most recent order on My account #10415&#xD;
Successfully logged out - Test complete!</StdOut>
      </Output>
      <ResultFiles>
        <ResultFile path="DESKTOP-JP6EGQQ\All Orders.jpg" />
        <ResultFile path="DESKTOP-JP6EGQQ\Order recieved.jpg" />
      </ResultFiles>
    </UnitTestResult>
  </Results>
  <TestDefinitions>
    <UnitTest name="TestCase2" storage="c:\users\kyledhesi\source\repos\ecommerce mini project\ecommerce mini project\bin\debug\net6.0\ecommerce mini project.dll" id="d7c33952-ada7-dc1e-1a23-d5f605c2cfa3">
      <Execution id="13690fc1-e5f0-4ea4-873e-9285991e9d5d" />
      <TestMethod codeBase="C:\Users\KyleDhesi\source\repos\eCommerce Mini Project\eCommerce Mini Project\bin\Debug\net6.0\eCommerce Mini Project.dll" adapterTypeName="executor://nunit3testexecutor/" className="eCommerce_Mini_Project.Tests.Test" name="TestCase2" />
    </UnitTest>
    <UnitTest name="TestCase1" storage="c:\users\kyledhesi\source\repos\ecommerce mini project\ecommerce mini project\bin\debug\net6.0\ecommerce mini project.dll" id="6007e1c6-3083-b470-b718-e60468035aa8">
      <Execution id="773f561f-26a2-44ff-b3af-169ec33cc793" />
      <TestMethod codeBase="C:\Users\KyleDhesi\source\repos\eCommerce Mini Project\eCommerce Mini Project\bin\Debug\net6.0\eCommerce Mini Project.dll" adapterTypeName="executor://nunit3testexecutor/" className="eCommerce_Mini_Project.Tests.Test" name="TestCase1" />
    </UnitTest>
  </TestDefinitions>
  <TestEntries>
    <TestEntry testId="6007e1c6-3083-b470-b718-e60468035aa8" executionId="773f561f-26a2-44ff-b3af-169ec33cc793" testListId="8c84fa94-04c1-424b-9868-57a2d4851a1d" />
    <TestEntry testId="d7c33952-ada7-dc1e-1a23-d5f605c2cfa3" executionId="13690fc1-e5f0-4ea4-873e-9285991e9d5d" testListId="8c84fa94-04c1-424b-9868-57a2d4851a1d" />
  </TestEntries>
  <TestLists>
    <TestList name="Results Not in a List" id="8c84fa94-04c1-424b-9868-57a2d4851a1d" />
    <TestList name="All Loaded Results" id="19431567-8539-422a-85d7-44ee4e166bda" />
  </TestLists>
  <ResultSummary outcome="Completed">
    <Counters total="2" executed="2" passed="2" failed="0" error="0" timeout="0" aborted="0" inconclusive="0" passedButRunAborted="0" notRunnable="0" notExecuted="0" disconnected="0" warning="0" completed="0" inProgress="0" pending="0" />
    <Output>
      <StdOut>NUnit Adapter 4.5.0.0: Test execution started&#xD;
Running all tests in C:\Users\KyleDhesi\source\repos\eCommerce Mini Project\eCommerce Mini Project\bin\Debug\net6.0\eCommerce Mini Project.dll&#xD;
   NUnit3TestExecutor discovered 2 of 2 NUnit test cases using Current Discovery mode, Non-Explicit run&#xD;
NUnit Adapter 4.5.0.0: Test execution complete&#xD;
</StdOut>
    </Output>
    <RunInfos>
      <RunInfo computerName="DESKTOP-JP6EGQQ" outcome="Warning" timestamp="2024-02-21T20:33:43.2230081+00:00">
        <Text>Browser set to: firefox&#xD;
Successfully logged in - Begin Test!&#xD;
Successfully entered shop&#xD;
Successfully added item to cart&#xD;
Successfully entered cart&#xD;
Successfully applied coupon&#xD;
Attacthing coupon applied screenshot to report&#xD;
Successfully reduced 15% from original price&#xD;
Subtotal price displayed 55.00, Reduced amount displayed 8.25&#xD;
Successfully calculated total after coupon &amp; shippping&#xD;
Total price displayed 50.70, Original price displayed 55.00 - reduced amount displayed 8.25 + shipping cost 3.95&#xD;
Successfully removed items&#xD;
Successfully entered My account&#xD;
Successfully logged out - Test complete!&#xD;
</Text>
      </RunInfo>
      <RunInfo computerName="DESKTOP-JP6EGQQ" outcome="Warning" timestamp="2024-02-21T20:34:05.6857843+00:00">
        <Text>Browser set to: firefox&#xD;
Successfully logged in - Begin Test!&#xD;
Successfully entered shop&#xD;
Successfully added item to cart&#xD;
Successfully entered cart&#xD;
Successfully entered checkout&#xD;
Successfully entered billing details&#xD;
Successfully placed order&#xD;
Attacthing Order Confirmation screenshot to report&#xD;
Successfully entered My account&#xD;
Attacthing All Orders screenshot to report&#xD;
Successfully displayed latest order&#xD;
Order number displayed 10415, Most recent order on My account #10415&#xD;
Successfully logged out - Test complete!&#xD;
</Text>
      </RunInfo>
    </RunInfos>
  </ResultSummary>
</TestRun>