<test-run id="2" duration="42.315404" testcasecount="2" total="2" passed="2" failed="0" inconclusive="0" skipped="0" result="Passed" start-time="2024-02-21T 20:33:22Z" end-time="2024-02-21T 20:34:05Z">
  <test-suite type="Assembly" name="eCommerce Mini Project.dll" fullname="C:\Users\KyleDhesi\source\repos\eCommerce Mini Project\eCommerce Mini Project\bin\Debug\net6.0\eCommerce Mini Project.dll" total="2" passed="2" failed="0" inconclusive="0" skipped="0" result="Passed" start-time="2024-02-21T 20:33:23Z" end-time="2024-02-21T 20:34:05Z" duration="42.315404">
    <test-suite type="TestSuite" name="eCommerce_Mini_Project" fullname="eCommerce_Mini_Project" total="2" passed="2" failed="0" inconclusive="0" skipped="0" result="Passed" start-time="2024-02-21T 20:33:23Z" end-time="2024-02-21T 20:34:05Z" duration="42.315404">
      <test-suite type="TestSuite" name="Tests" fullname="eCommerce_Mini_Project.Tests" total="2" passed="2" failed="0" inconclusive="0" skipped="0" result="Passed" start-time="2024-02-21T 20:33:23Z" end-time="2024-02-21T 20:34:05Z" duration="42.315404">
        <test-suite type="TestFixture" name="Test" fullname="eCommerce_Mini_Project.Tests.Test" classname="eCommerce_Mini_Project.Tests.Test" total="2" passed="2" failed="0" inconclusive="0" skipped="0" result="Passed" start-time="2024-02-21T 20:33:23Z" end-time="2024-02-21T 20:34:05Z" duration="42.315404">
          <test-case name="TestCase1" fullname="eCommerce_Mini_Project.Tests.Test.TestCase1" methodname="TestCase1" classname="Test" result="Passed" start-time="2024-02-21T 20:33:23Z" end-time="2024-02-21T 20:33:43Z" duration="19.837192" asserts="0" seed="2139535848">
            <properties>
              <property name="Category" value="Smoke" />
            </properties>
            <output><![CDATA[Browser set to: firefox
Successfully logged in - Begin Test!
Successfully entered shop
Successfully added item to cart
Successfully entered cart
Successfully applied coupon
Attacthing coupon applied screenshot to report
Successfully reduced 15% from original price
Subtotal price displayed 55.00, Reduced amount displayed 8.25
Successfully calculated total after coupon & shippping
Total price displayed 50.70, Original price displayed 55.00 - reduced amount displayed 8.25 + shipping cost 3.95
Successfully removed items
Successfully entered My account
Successfully logged out - Test complete!

]]></output>
            <attachments>
              <attachment>
                <filePath>C:\Users\KyleDhesi\source\repos\eCommerce Mini Project\eCommerce Mini Project\Screenshots\Coupon Alert.jpg</filePath>
                <description><![CDATA[Coupon has been added to cart]]></description>
              </attachment>
            </attachments>
          </test-case>
          <test-case name="TestCase2" fullname="eCommerce_Mini_Project.Tests.Test.TestCase2" methodname="TestCase2" classname="Test" result="Passed" start-time="2024-02-21T 20:33:43Z" end-time="2024-02-21T 20:34:05Z" duration="22.478212" asserts="0" seed="1278357677">
            <properties>
              <property name="Category" value="Smoke" />
            </properties>
            <output><![CDATA[Browser set to: firefox
Successfully logged in - Begin Test!
Successfully entered shop
Successfully added item to cart
Successfully entered cart
Successfully entered checkout
Successfully entered billing details
Successfully placed order
Attacthing Order Confirmation screenshot to report
Successfully entered My account
Attacthing All Orders screenshot to report
Successfully displayed latest order
Order number displayed 10415, Most recent order on My account #10415
Successfully logged out - Test complete!

]]></output>
            <attachments>
              <attachment>
                <filePath>C:\Users\KyleDhesi\source\repos\eCommerce Mini Project\eCommerce Mini Project\Screenshots\Order recieved.jpg</filePath>
                <description><![CDATA[Order Confirmation]]></description>
              </attachment>
              <attachment>
                <filePath>C:\Users\KyleDhesi\source\repos\eCommerce Mini Project\eCommerce Mini Project\Screenshots\All Orders.jpg</filePath>
                <description><![CDATA[All Orders]]></description>
              </attachment>
            </attachments>
          </test-case>
        </test-suite>
      </test-suite>
    </test-suite>
    <errors />
  </test-suite>
</test-run>